-------------------------------------------------------------------------------
Test set: com.flashex.shipmentmicroservice.webservice.DemoApplicationTest
-------------------------------------------------------------------------------
Tests run: 1, Failures: 0, Errors: 1, Skipped: 0, Time elapsed: 2.776 s <<< FAILURE! - in com.flashex.shipmentmicroservice.webservice.DemoApplicationTest
contextLoads  Time elapsed: 0.001 s  <<< ERROR!
java.lang.IllegalStateException: Failed to load ApplicationContext
Caused by: org.springframework.beans.factory.UnsatisfiedDependencyException: Error creating bean with name 'packetController': Unsatisfied dependency expressed through field 'packetService'; nested exception is org.springframework.beans.factory.UnsatisfiedDependencyException: Error creating bean with name 'packetService': Unsatisfied dependency expressed through field 'packetRepository'; nested exception is org.springframework.beans.factory.BeanCreationException: Error creating bean with name 'packetRepository': Cannot resolve reference to bean 'cassandraTemplate' while setting bean property 'cassandraTemplate'; nested exception is org.springframework.beans.factory.BeanCreationException: Error creating bean with name 'cassandraConfiguration': Injection of autowired dependencies failed; nested exception is java.lang.IllegalArgumentException: Could not resolve placeholder 'spring.data.cassandra.contact-points' in value "${spring.data.cassandra.contact-points}"
Caused by: org.springframework.beans.factory.UnsatisfiedDependencyException: Error creating bean with name 'packetService': Unsatisfied dependency expressed through field 'packetRepository'; nested exception is org.springframework.beans.factory.BeanCreationException: Error creating bean with name 'packetRepository': Cannot resolve reference to bean 'cassandraTemplate' while setting bean property 'cassandraTemplate'; nested exception is org.springframework.beans.factory.BeanCreationException: Error creating bean with name 'cassandraConfiguration': Injection of autowired dependencies failed; nested exception is java.lang.IllegalArgumentException: Could not resolve placeholder 'spring.data.cassandra.contact-points' in value "${spring.data.cassandra.contact-points}"
Caused by: org.springframework.beans.factory.BeanCreationException: Error creating bean with name 'packetRepository': Cannot resolve reference to bean 'cassandraTemplate' while setting bean property 'cassandraTemplate'; nested exception is org.springframework.beans.factory.BeanCreationException: Error creating bean with name 'cassandraConfiguration': Injection of autowired dependencies failed; nested exception is java.lang.IllegalArgumentException: Could not resolve placeholder 'spring.data.cassandra.contact-points' in value "${spring.data.cassandra.contact-points}"
Caused by: org.springframework.beans.factory.BeanCreationException: Error creating bean with name 'cassandraConfiguration': Injection of autowired dependencies failed; nested exception is java.lang.IllegalArgumentException: Could not resolve placeholder 'spring.data.cassandra.contact-points' in value "${spring.data.cassandra.contact-points}"
Caused by: java.lang.IllegalArgumentException: Could not resolve placeholder 'spring.data.cassandra.contact-points' in value "${spring.data.cassandra.contact-points}"

